<?xml version="1.0" encoding="UTF-8"?>
<testsuite name="VendingMachineTest" tests="1" skipped="0" failures="0" errors="0" timestamp="2019-10-20T07:57:01" hostname="localhost.localdomain" time="0.004">
  <properties/>
  <testcase name="testVendingMachineMultipleArguments" classname="VendingMachineTest" time="0.004"/>
  <system-out><![CDATA[]]></system-out>
  <system-err><![CDATA[]]></system-err>
</testsuite>
